<?xml version="1.0" encoding="UTF-8"?>
<testsuite name="EdgeConvertFileParserTest" tests="7" skipped="1" failures="0" errors="0" timestamp="2024-11-06T03:54:27" hostname="Lilys-MacBook-Pro-3.local" time="123.369">
  <properties/>
  <testcase name="testEntryFigureWithBlankName" classname="EdgeConvertFileParserTest" time="0.035"/>
  <testcase name="testListToArray" classname="EdgeConvertFileParserTest" time="0.016"/>
  <testcase name="testValidSaveFile" classname="EdgeConvertFileParserTest" time="0.013"/>
  <testcase name="testTableNameExistsInProgram" classname="EdgeConvertFileParserTest" time="0.015"/>
  <testcase name="testValidEdgeDiagramFile" classname="EdgeConvertFileParserTest" time="122.822"/>
  <testcase name="testEntryFigureWithEntityStyle" classname="EdgeConvertFileParserTest" time="0.022"/>
  <testcase name="testNonValidEdgeDiagramFile" classname="EdgeConvertFileParserTest" time="0.442">
    <skipped/>
  </testcase>
  <system-out><![CDATA[54:27.496 INFO class:EdgeConvertFileParser - Opening file.
54:27.497 INFO class:EdgeConvertFileParser - Parsing edge diagram file
54:27.501 INFO class:EdgeTable - EdgeTable constructor called with inputString
54:27.501 INFO class:EdgeTable - EdgeTable constructor called with inputString
54:27.502 INFO class:EdgeField - EdgeField constructor called with inputString
54:27.503 INFO class:EdgeField - EdgeField constructor called with inputString
54:27.504 INFO class:EdgeField - EdgeField constructor called with inputString
54:27.504 INFO class:EdgeField - EdgeField constructor called with inputString
54:27.506 INFO class:EdgeField - EdgeField constructor called with inputString
54:27.506 INFO class:EdgeField - EdgeField constructor called with inputString
54:27.507 INFO class:EdgeConvertFileParser - Processing connector
54:27.510 INFO class:EdgeConnector - EdgeConnector constructor called with inputString
54:27.510 INFO class:EdgeConvertFileParser - Added new connector
54:27.510 INFO class:EdgeConvertFileParser - Processing connector
54:27.511 INFO class:EdgeConnector - EdgeConnector constructor called with inputString
54:27.511 INFO class:EdgeConvertFileParser - Added new connector
54:27.511 INFO class:EdgeField - EdgeField constructor called with inputString
54:27.511 INFO class:EdgeConvertFileParser - Processing connector
54:27.512 INFO class:EdgeConnector - EdgeConnector constructor called with inputString
54:27.512 INFO class:EdgeConvertFileParser - Added new connector
54:27.512 INFO class:EdgeTable - EdgeTable constructor called with inputString
54:27.513 INFO class:EdgeConvertFileParser - Processing connector
54:27.513 INFO class:EdgeConnector - EdgeConnector constructor called with inputString
54:27.513 INFO class:EdgeConvertFileParser - Added new connector
54:27.513 INFO class:EdgeConvertFileParser - Processing connector
54:27.514 INFO class:EdgeConnector - EdgeConnector constructor called with inputString
54:27.514 INFO class:EdgeConvertFileParser - Added new connector
54:27.514 INFO class:EdgeConvertFileParser - Processing connector
54:27.515 INFO class:EdgeConnector - EdgeConnector constructor called with inputString
54:27.515 INFO class:EdgeConvertFileParser - Added new connector
54:27.515 INFO class:EdgeConvertFileParser - Processing connector
54:27.515 INFO class:EdgeConnector - EdgeConnector constructor called with inputString
54:27.515 INFO class:EdgeConvertFileParser - Added new connector
54:27.515 INFO class:EdgeConvertFileParser - Processing connector
54:27.516 INFO class:EdgeConnector - EdgeConnector constructor called with inputString
54:27.516 INFO class:EdgeConvertFileParser - Added new connector
54:27.516 INFO class:EdgeConvertFileParser - Processing connector
54:27.516 INFO class:EdgeConnector - EdgeConnector constructor called with inputString
54:27.516 INFO class:EdgeConvertFileParser - Added new connector
54:27.517 INFO class:EdgeConvertFileParser - Processing connector
54:27.517 INFO class:EdgeConnector - EdgeConnector constructor called with inputString
54:27.517 INFO class:EdgeConvertFileParser - Added new connector
54:27.517 INFO class:EdgeConvertFileParser - Converting ArrayList to arrays
54:27.517 INFO class:EdgeConvertFileParser - Starting to resolve connectors
54:27.519 INFO class:EdgeField - EdgeField getTableID: 0
54:27.521 INFO class:EdgeField - EdgeField getTableID: 0
54:27.523 INFO class:EdgeField - EdgeField getTableID: 0
54:27.527 INFO class:EdgeTable - EdgeTable add a related table: 13
54:27.527 INFO class:EdgeTable - EdgeTable add a related table: 2
54:27.528 INFO class:EdgeField - EdgeField getTableID: 0
54:27.530 INFO class:EdgeField - EdgeField getTableID: 0
54:27.531 INFO class:EdgeField - EdgeField getTableID: 0
54:27.531 INFO class:EdgeConvertFileParser - EdgeConvertFileParser constructor called with constructorFile
54:27.532 INFO class:EdgeConvertFileParser - Opening file.
54:27.532 INFO class:EdgeConvertFileParser - Parsing edge diagram file
54:27.533 INFO class:EdgeTable - EdgeTable constructor called with inputString
54:27.533 INFO class:EdgeTable - EdgeTable constructor called with inputString
54:27.534 INFO class:EdgeField - EdgeField constructor called with inputString
54:27.534 INFO class:EdgeField - EdgeField constructor called with inputString
54:27.534 INFO class:EdgeField - EdgeField constructor called with inputString
54:27.534 INFO class:EdgeField - EdgeField constructor called with inputString
54:27.535 INFO class:EdgeField - EdgeField constructor called with inputString
54:27.535 INFO class:EdgeField - EdgeField constructor called with inputString
54:27.535 INFO class:EdgeConvertFileParser - Processing connector
54:27.535 INFO class:EdgeConnector - EdgeConnector constructor called with inputString
54:27.535 INFO class:EdgeConvertFileParser - Added new connector
54:27.536 INFO class:EdgeConvertFileParser - Processing connector
54:27.536 INFO class:EdgeConnector - EdgeConnector constructor called with inputString
54:27.536 INFO class:EdgeConvertFileParser - Added new connector
54:27.536 INFO class:EdgeField - EdgeField constructor called with inputString
54:27.536 INFO class:EdgeConvertFileParser - Processing connector
54:27.536 INFO class:EdgeConnector - EdgeConnector constructor called with inputString
54:27.537 INFO class:EdgeConvertFileParser - Added new connector
54:27.537 INFO class:EdgeTable - EdgeTable constructor called with inputString
54:27.537 INFO class:EdgeConvertFileParser - Processing connector
54:27.537 INFO class:EdgeConnector - EdgeConnector constructor called with inputString
54:27.537 INFO class:EdgeConvertFileParser - Added new connector
54:27.538 INFO class:EdgeConvertFileParser - Processing connector
54:27.538 INFO class:EdgeConnector - EdgeConnector constructor called with inputString
54:27.538 INFO class:EdgeConvertFileParser - Added new connector
54:27.538 INFO class:EdgeConvertFileParser - Processing connector
54:27.538 INFO class:EdgeConnector - EdgeConnector constructor called with inputString
54:27.538 INFO class:EdgeConvertFileParser - Added new connector
54:27.538 INFO class:EdgeConvertFileParser - Processing connector
54:27.539 INFO class:EdgeConnector - EdgeConnector constructor called with inputString
54:27.539 INFO class:EdgeConvertFileParser - Added new connector
54:27.539 INFO class:EdgeConvertFileParser - Processing connector
54:27.539 INFO class:EdgeConnector - EdgeConnector constructor called with inputString
54:27.539 INFO class:EdgeConvertFileParser - Added new connector
54:27.539 INFO class:EdgeConvertFileParser - Processing connector
54:27.539 INFO class:EdgeConnector - EdgeConnector constructor called with inputString
54:27.539 INFO class:EdgeConvertFileParser - Added new connector
54:27.540 INFO class:EdgeConvertFileParser - Processing connector
54:27.540 INFO class:EdgeConnector - EdgeConnector constructor called with inputString
54:27.540 INFO class:EdgeConvertFileParser - Added new connector
54:27.540 INFO class:EdgeConvertFileParser - Converting ArrayList to arrays
54:27.540 INFO class:EdgeConvertFileParser - Starting to resolve connectors
54:27.541 INFO class:EdgeField - EdgeField getTableID: 0
54:27.541 INFO class:EdgeField - EdgeField getTableID: 0
54:27.542 INFO class:EdgeField - EdgeField getTableID: 0
54:27.545 INFO class:EdgeTable - EdgeTable add a related table: 13
54:27.545 INFO class:EdgeTable - EdgeTable add a related table: 2
54:27.545 INFO class:EdgeField - EdgeField getTableID: 0
54:27.547 INFO class:EdgeField - EdgeField getTableID: 0
54:27.547 INFO class:EdgeField - EdgeField getTableID: 0
54:27.547 INFO class:EdgeConvertFileParser - EdgeConvertFileParser constructor called with constructorFile
54:27.548 INFO class:EdgeConvertFileParser - Opening file.
54:27.548 INFO class:EdgeConvertFileParser - Parsing edge diagram file
54:27.548 INFO class:EdgeTable - EdgeTable constructor called with inputString
54:27.549 INFO class:EdgeTable - EdgeTable constructor called with inputString
54:27.549 INFO class:EdgeField - EdgeField constructor called with inputString
54:27.549 INFO class:EdgeField - EdgeField constructor called with inputString
54:27.549 INFO class:EdgeField - EdgeField constructor called with inputString
54:27.550 INFO class:EdgeField - EdgeField constructor called with inputString
54:27.550 INFO class:EdgeField - EdgeField constructor called with inputString
54:27.550 INFO class:EdgeField - EdgeField constructor called with inputString
54:27.550 INFO class:EdgeConvertFileParser - Processing connector
54:27.550 INFO class:EdgeConnector - EdgeConnector constructor called with inputString
54:27.550 INFO class:EdgeConvertFileParser - Added new connector
54:27.550 INFO class:EdgeConvertFileParser - Processing connector
54:27.551 INFO class:EdgeConnector - EdgeConnector constructor called with inputString
54:27.551 INFO class:EdgeConvertFileParser - Added new connector
54:27.551 INFO class:EdgeField - EdgeField constructor called with inputString
54:27.551 INFO class:EdgeConvertFileParser - Processing connector
54:27.551 INFO class:EdgeConnector - EdgeConnector constructor called with inputString
54:27.551 INFO class:EdgeConvertFileParser - Added new connector
54:27.551 INFO class:EdgeTable - EdgeTable constructor called with inputString
54:27.551 INFO class:EdgeConvertFileParser - Processing connector
54:27.551 INFO class:EdgeConnector - EdgeConnector constructor called with inputString
54:27.551 INFO class:EdgeConvertFileParser - Added new connector
54:27.552 INFO class:EdgeConvertFileParser - Processing connector
54:27.552 INFO class:EdgeConnector - EdgeConnector constructor called with inputString
54:27.552 INFO class:EdgeConvertFileParser - Added new connector
54:27.552 INFO class:EdgeConvertFileParser - Processing connector
54:27.552 INFO class:EdgeConnector - EdgeConnector constructor called with inputString
54:27.552 INFO class:EdgeConvertFileParser - Added new connector
54:27.552 INFO class:EdgeConvertFileParser - Processing connector
54:27.552 INFO class:EdgeConnector - EdgeConnector constructor called with inputString
54:27.552 INFO class:EdgeConvertFileParser - Added new connector
54:27.552 INFO class:EdgeConvertFileParser - Processing connector
54:27.552 INFO class:EdgeConnector - EdgeConnector constructor called with inputString
54:27.553 INFO class:EdgeConvertFileParser - Added new connector
54:27.553 INFO class:EdgeConvertFileParser - Processing connector
54:27.553 INFO class:EdgeConnector - EdgeConnector constructor called with inputString
54:27.553 INFO class:EdgeConvertFileParser - Added new connector
54:27.553 INFO class:EdgeConvertFileParser - Processing connector
54:27.553 INFO class:EdgeConnector - EdgeConnector constructor called with inputString
54:27.553 INFO class:EdgeConvertFileParser - Added new connector
54:27.553 INFO class:EdgeConvertFileParser - Converting ArrayList to arrays
54:27.553 INFO class:EdgeConvertFileParser - Starting to resolve connectors
54:27.554 INFO class:EdgeField - EdgeField getTableID: 0
54:27.555 INFO class:EdgeField - EdgeField getTableID: 0
54:27.555 INFO class:EdgeField - EdgeField getTableID: 0
54:27.556 INFO class:EdgeTable - EdgeTable add a related table: 13
54:27.556 INFO class:EdgeTable - EdgeTable add a related table: 2
54:27.557 INFO class:EdgeField - EdgeField getTableID: 0
54:27.558 INFO class:EdgeField - EdgeField getTableID: 0
54:27.558 INFO class:EdgeField - EdgeField getTableID: 0
54:27.558 INFO class:EdgeConvertFileParser - EdgeConvertFileParser constructor called with constructorFile
54:27.558 INFO class:EdgeConvertFileParser - Opening file.
54:27.559 INFO class:EdgeConvertFileParser - Starting to parse save file
54:27.559 INFO class:EdgeTable - EdgeTable constructor called with inputString
54:27.559 INFO class:EdgeTable - EdgeTable add a related table: 2
54:27.559 INFO class:EdgeTable - EdgeTable add a related table: 3
54:27.559 INFO class:EdgeTable - Starting to convert Arraylists to arrays.
54:27.559 INFO class:EdgeTable - Finished converting to int arrays.
54:27.559 INFO class:EdgeTable - EdgeTable constructor called with inputString
54:27.559 INFO class:EdgeTable - EdgeTable add a related table: 1
54:27.559 INFO class:EdgeTable - Starting to convert Arraylists to arrays.
54:27.559 INFO class:EdgeTable - Finished converting to int arrays.
54:27.560 INFO class:EdgeTable - EdgeTable constructor called with inputString
54:27.560 INFO class:EdgeTable - EdgeTable add a related table: 1
54:27.560 INFO class:EdgeTable - EdgeTable add a related table: 2
54:27.560 INFO class:EdgeTable - Starting to convert Arraylists to arrays.
54:27.560 INFO class:EdgeTable - Finished converting to int arrays.
54:27.560 INFO class:EdgeField - EdgeField constructor called with inputString
54:27.560 INFO class:EdgeField - EdgeField constructor called with inputString
54:27.561 INFO class:EdgeField - EdgeField constructor called with inputString
54:27.561 INFO class:EdgeField - EdgeField constructor called with inputString
54:27.561 INFO class:EdgeField - EdgeField constructor called with inputString
54:27.561 INFO class:EdgeConvertFileParser - Converting ArrayList to arrays
54:27.561 INFO class:EdgeConvertFileParser - Opening file.
54:27.562 INFO class:EdgeConvertFileParser - Parsing edge diagram file
54:27.563 INFO class:EdgeTable - EdgeTable constructor called with inputString
54:27.563 INFO class:EdgeTable - EdgeTable constructor called with inputString
54:27.563 INFO class:EdgeField - EdgeField constructor called with inputString
54:27.563 INFO class:EdgeField - EdgeField constructor called with inputString
54:27.563 INFO class:EdgeField - EdgeField constructor called with inputString
54:27.563 INFO class:EdgeField - EdgeField constructor called with inputString
54:27.563 INFO class:EdgeField - EdgeField constructor called with inputString
54:27.564 INFO class:EdgeField - EdgeField constructor called with inputString
54:27.564 INFO class:EdgeConvertFileParser - Processing connector
54:27.564 INFO class:EdgeConnector - EdgeConnector constructor called with inputString
54:27.564 INFO class:EdgeConvertFileParser - Added new connector
54:27.564 INFO class:EdgeConvertFileParser - Processing connector
54:27.564 INFO class:EdgeConnector - EdgeConnector constructor called with inputString
54:27.564 INFO class:EdgeConvertFileParser - Added new connector
54:27.564 INFO class:EdgeField - EdgeField constructor called with inputString
54:27.564 INFO class:EdgeConvertFileParser - Processing connector
54:27.564 INFO class:EdgeConnector - EdgeConnector constructor called with inputString
54:27.564 INFO class:EdgeConvertFileParser - Added new connector
54:27.564 INFO class:EdgeTable - EdgeTable constructor called with inputString
54:27.564 INFO class:EdgeConvertFileParser - Processing connector
54:27.565 INFO class:EdgeConnector - EdgeConnector constructor called with inputString
54:27.565 INFO class:EdgeConvertFileParser - Added new connector
54:27.565 INFO class:EdgeConvertFileParser - Processing connector
54:27.565 INFO class:EdgeConnector - EdgeConnector constructor called with inputString
54:27.565 INFO class:EdgeConvertFileParser - Added new connector
54:27.565 INFO class:EdgeConvertFileParser - Processing connector
54:27.565 INFO class:EdgeConnector - EdgeConnector constructor called with inputString
54:27.565 INFO class:EdgeConvertFileParser - Added new connector
54:27.565 INFO class:EdgeConvertFileParser - Processing connector
54:27.565 INFO class:EdgeConnector - EdgeConnector constructor called with inputString
54:27.565 INFO class:EdgeConvertFileParser - Added new connector
54:27.565 INFO class:EdgeConvertFileParser - Processing connector
54:27.565 INFO class:EdgeConnector - EdgeConnector constructor called with inputString
54:27.565 INFO class:EdgeConvertFileParser - Added new connector
54:27.565 INFO class:EdgeConvertFileParser - Processing connector
54:27.566 INFO class:EdgeConnector - EdgeConnector constructor called with inputString
54:27.566 INFO class:EdgeConvertFileParser - Added new connector
54:27.566 INFO class:EdgeConvertFileParser - Processing connector
54:27.566 INFO class:EdgeConnector - EdgeConnector constructor called with inputString
54:27.566 INFO class:EdgeConvertFileParser - Added new connector
54:27.566 INFO class:EdgeConvertFileParser - Converting ArrayList to arrays
54:27.566 INFO class:EdgeConvertFileParser - Starting to resolve connectors
54:27.566 INFO class:EdgeField - EdgeField getTableID: 0
54:27.566 INFO class:EdgeField - EdgeField getTableID: 0
54:27.567 INFO class:EdgeField - EdgeField getTableID: 0
54:27.568 INFO class:EdgeTable - EdgeTable add a related table: 13
54:27.568 INFO class:EdgeTable - EdgeTable add a related table: 2
54:27.568 INFO class:EdgeField - EdgeField getTableID: 0
54:27.569 INFO class:EdgeField - EdgeField getTableID: 0
54:27.569 INFO class:EdgeField - EdgeField getTableID: 0
54:27.569 INFO class:EdgeConvertFileParser - EdgeConvertFileParser constructor called with constructorFile
54:27.569 INFO class:EdgeConvertFileParser - Opening file.
54:27.569 INFO class:EdgeConvertFileParser - Parsing edge diagram file
54:27.570 INFO class:EdgeTable - EdgeTable constructor called with inputString
54:27.570 INFO class:EdgeTable - EdgeTable constructor called with inputString
54:27.570 INFO class:EdgeField - EdgeField constructor called with inputString
54:27.570 INFO class:EdgeField - EdgeField constructor called with inputString
54:27.570 INFO class:EdgeField - EdgeField constructor called with inputString
54:27.570 INFO class:EdgeField - EdgeField constructor called with inputString
54:27.570 INFO class:EdgeField - EdgeField constructor called with inputString
54:27.571 INFO class:EdgeField - EdgeField constructor called with inputString
54:27.571 INFO class:EdgeConvertFileParser - Processing connector
54:27.571 INFO class:EdgeConnector - EdgeConnector constructor called with inputString
54:27.571 INFO class:EdgeConvertFileParser - Added new connector
54:27.571 INFO class:EdgeConvertFileParser - Processing connector
54:27.571 INFO class:EdgeConnector - EdgeConnector constructor called with inputString
54:27.571 INFO class:EdgeConvertFileParser - Added new connector
54:27.571 INFO class:EdgeField - EdgeField constructor called with inputString
54:27.571 INFO class:EdgeConvertFileParser - Processing connector
54:27.571 INFO class:EdgeConnector - EdgeConnector constructor called with inputString
54:27.571 INFO class:EdgeConvertFileParser - Added new connector
54:27.571 INFO class:EdgeTable - EdgeTable constructor called with inputString
54:27.571 INFO class:EdgeConvertFileParser - Processing connector
54:27.571 INFO class:EdgeConnector - EdgeConnector constructor called with inputString
54:27.571 INFO class:EdgeConvertFileParser - Added new connector
54:27.572 INFO class:EdgeConvertFileParser - Processing connector
54:27.572 INFO class:EdgeConnector - EdgeConnector constructor called with inputString
54:27.572 INFO class:EdgeConvertFileParser - Added new connector
54:27.572 INFO class:EdgeConvertFileParser - Processing connector
54:27.572 INFO class:EdgeConnector - EdgeConnector constructor called with inputString
54:27.572 INFO class:EdgeConvertFileParser - Added new connector
54:27.572 INFO class:EdgeConvertFileParser - Processing connector
54:27.572 INFO class:EdgeConnector - EdgeConnector constructor called with inputString
54:27.572 INFO class:EdgeConvertFileParser - Added new connector
54:27.572 INFO class:EdgeConvertFileParser - Processing connector
54:27.572 INFO class:EdgeConnector - EdgeConnector constructor called with inputString
54:27.572 INFO class:EdgeConvertFileParser - Added new connector
54:27.572 INFO class:EdgeConvertFileParser - Processing connector
54:27.572 INFO class:EdgeConnector - EdgeConnector constructor called with inputString
54:27.572 INFO class:EdgeConvertFileParser - Added new connector
54:27.572 INFO class:EdgeConvertFileParser - Processing connector
54:27.572 INFO class:EdgeConnector - EdgeConnector constructor called with inputString
54:27.572 INFO class:EdgeConvertFileParser - Added new connector
54:27.572 INFO class:EdgeConvertFileParser - Converting ArrayList to arrays
54:27.573 INFO class:EdgeConvertFileParser - Starting to resolve connectors
54:27.573 INFO class:EdgeField - EdgeField getTableID: 0
54:27.573 INFO class:EdgeField - EdgeField getTableID: 0
54:27.573 INFO class:EdgeField - EdgeField getTableID: 0
54:27.575 INFO class:EdgeTable - EdgeTable add a related table: 13
54:27.575 INFO class:EdgeTable - EdgeTable add a related table: 2
54:27.575 INFO class:EdgeField - EdgeField getTableID: 0
54:27.575 INFO class:EdgeField - EdgeField getTableID: 0
54:27.576 INFO class:EdgeField - EdgeField getTableID: 0
54:27.576 INFO class:EdgeConvertFileParser - EdgeConvertFileParser constructor called with constructorFile
54:27.577 WARN class:EdgeConvertFileParser - There is a duplicate table
54:27.577 INFO class:EdgeConvertFileParser - Opening file.
54:27.577 INFO class:EdgeConvertFileParser - Parsing edge diagram file
54:27.577 INFO class:EdgeTable - EdgeTable constructor called with inputString
54:27.577 INFO class:EdgeTable - EdgeTable constructor called with inputString
54:27.578 INFO class:EdgeField - EdgeField constructor called with inputString
54:27.578 INFO class:EdgeField - EdgeField constructor called with inputString
54:27.578 INFO class:EdgeField - EdgeField constructor called with inputString
54:27.578 INFO class:EdgeField - EdgeField constructor called with inputString
54:27.578 INFO class:EdgeField - EdgeField constructor called with inputString
54:27.578 INFO class:EdgeField - EdgeField constructor called with inputString
54:27.578 INFO class:EdgeConvertFileParser - Processing connector
54:27.578 INFO class:EdgeConnector - EdgeConnector constructor called with inputString
54:27.578 INFO class:EdgeConvertFileParser - Added new connector
54:27.578 INFO class:EdgeConvertFileParser - Processing connector
54:27.579 INFO class:EdgeConnector - EdgeConnector constructor called with inputString
54:27.579 INFO class:EdgeConvertFileParser - Added new connector
54:27.579 INFO class:EdgeField - EdgeField constructor called with inputString
54:27.579 INFO class:EdgeConvertFileParser - Processing connector
54:27.579 INFO class:EdgeConnector - EdgeConnector constructor called with inputString
54:27.579 INFO class:EdgeConvertFileParser - Added new connector
54:27.579 INFO class:EdgeTable - EdgeTable constructor called with inputString
54:27.579 INFO class:EdgeConvertFileParser - Processing connector
54:27.579 INFO class:EdgeConnector - EdgeConnector constructor called with inputString
54:27.579 INFO class:EdgeConvertFileParser - Added new connector
54:27.579 INFO class:EdgeConvertFileParser - Processing connector
54:27.579 INFO class:EdgeConnector - EdgeConnector constructor called with inputString
54:27.579 INFO class:EdgeConvertFileParser - Added new connector
54:27.579 INFO class:EdgeConvertFileParser - Processing connector
54:27.580 INFO class:EdgeConnector - EdgeConnector constructor called with inputString
54:27.580 INFO class:EdgeConvertFileParser - Added new connector
54:27.580 INFO class:EdgeConvertFileParser - Processing connector
54:27.580 INFO class:EdgeConnector - EdgeConnector constructor called with inputString
54:27.580 INFO class:EdgeConvertFileParser - Added new connector
54:27.580 INFO class:EdgeConvertFileParser - Processing connector
54:27.580 INFO class:EdgeConnector - EdgeConnector constructor called with inputString
54:27.580 INFO class:EdgeConvertFileParser - Added new connector
54:27.580 INFO class:EdgeConvertFileParser - Processing connector
54:27.580 INFO class:EdgeConnector - EdgeConnector constructor called with inputString
54:27.580 INFO class:EdgeConvertFileParser - Added new connector
54:27.580 INFO class:EdgeConvertFileParser - Processing connector
54:27.580 INFO class:EdgeConnector - EdgeConnector constructor called with inputString
54:27.580 INFO class:EdgeConvertFileParser - Added new connector
54:27.581 INFO class:EdgeConvertFileParser - Converting ArrayList to arrays
54:27.581 INFO class:EdgeConvertFileParser - Starting to resolve connectors
54:27.581 INFO class:EdgeField - EdgeField getTableID: 0
54:27.581 INFO class:EdgeField - EdgeField getTableID: 0
54:27.582 INFO class:EdgeField - EdgeField getTableID: 0
54:27.583 INFO class:EdgeTable - EdgeTable add a related table: 13
54:27.583 INFO class:EdgeTable - EdgeTable add a related table: 2
54:27.583 INFO class:EdgeField - EdgeField getTableID: 0
54:27.584 INFO class:EdgeField - EdgeField getTableID: 0
54:27.584 INFO class:EdgeField - EdgeField getTableID: 0
54:27.584 INFO class:EdgeConvertFileParser - EdgeConvertFileParser constructor called with constructorFile
54:27.584 INFO class:EdgeConvertFileParser - Opening file.
54:27.584 INFO class:EdgeConvertFileParser - Parsing edge diagram file
54:27.585 WARN class:EdgeConvertFileParser - There is a duplicate table
54:27.585 WARN class:EdgeConvertFileParser - There is a duplicate table: STUDENT
54:55.261 INFO class:EdgeConvertGUI - Setting read success to: false
54:55.264 INFO class:EdgeConvertFileParser - Converting ArrayList to arrays
54:55.264 INFO class:EdgeConvertFileParser - Starting to resolve connectors
54:55.265 INFO class:EdgeField - EdgeField getTableID: 1
54:55.266 WARN class:EdgeConvertFileParser - The field StudentSSN has already been assigned to a table
56:30.397 INFO class:EdgeConvertGUI - Setting read success to: false
56:30.400 INFO class:EdgeConvertFileParser - Opening file.
56:30.401 INFO class:EdgeConvertFileParser - Parsing edge diagram file
56:30.402 INFO class:EdgeTable - EdgeTable constructor called with inputString
56:30.402 INFO class:EdgeTable - EdgeTable constructor called with inputString
56:30.403 INFO class:EdgeField - EdgeField constructor called with inputString
56:30.404 INFO class:EdgeField - EdgeField constructor called with inputString
56:30.404 INFO class:EdgeField - EdgeField constructor called with inputString
56:30.404 INFO class:EdgeField - EdgeField constructor called with inputString
56:30.404 INFO class:EdgeField - EdgeField constructor called with inputString
56:30.404 INFO class:EdgeField - EdgeField constructor called with inputString
56:30.404 INFO class:EdgeConvertFileParser - Processing connector
56:30.405 INFO class:EdgeConnector - EdgeConnector constructor called with inputString
56:30.405 INFO class:EdgeConvertFileParser - Added new connector
56:30.405 INFO class:EdgeConvertFileParser - Processing connector
56:30.405 INFO class:EdgeConnector - EdgeConnector constructor called with inputString
56:30.405 INFO class:EdgeConvertFileParser - Added new connector
56:30.405 INFO class:EdgeField - EdgeField constructor called with inputString
56:30.405 INFO class:EdgeConvertFileParser - Processing connector
56:30.405 INFO class:EdgeConnector - EdgeConnector constructor called with inputString
56:30.405 INFO class:EdgeConvertFileParser - Added new connector
56:30.406 INFO class:EdgeTable - EdgeTable constructor called with inputString
56:30.406 INFO class:EdgeConvertFileParser - Processing connector
56:30.406 INFO class:EdgeConnector - EdgeConnector constructor called with inputString
56:30.406 INFO class:EdgeConvertFileParser - Added new connector
56:30.406 INFO class:EdgeConvertFileParser - Processing connector
56:30.406 INFO class:EdgeConnector - EdgeConnector constructor called with inputString
56:30.406 INFO class:EdgeConvertFileParser - Added new connector
56:30.406 INFO class:EdgeConvertFileParser - Processing connector
56:30.406 INFO class:EdgeConnector - EdgeConnector constructor called with inputString
56:30.407 INFO class:EdgeConvertFileParser - Added new connector
56:30.407 INFO class:EdgeConvertFileParser - Processing connector
56:30.407 INFO class:EdgeConnector - EdgeConnector constructor called with inputString
56:30.407 INFO class:EdgeConvertFileParser - Added new connector
56:30.407 INFO class:EdgeConvertFileParser - Processing connector
56:30.407 INFO class:EdgeConnector - EdgeConnector constructor called with inputString
56:30.407 INFO class:EdgeConvertFileParser - Added new connector
56:30.407 INFO class:EdgeConvertFileParser - Processing connector
56:30.407 INFO class:EdgeConnector - EdgeConnector constructor called with inputString
56:30.407 INFO class:EdgeConvertFileParser - Added new connector
56:30.407 INFO class:EdgeConvertFileParser - Processing connector
56:30.407 INFO class:EdgeConnector - EdgeConnector constructor called with inputString
56:30.407 INFO class:EdgeConvertFileParser - Added new connector
56:30.407 INFO class:EdgeConvertFileParser - Converting ArrayList to arrays
56:30.407 INFO class:EdgeConvertFileParser - Starting to resolve connectors
56:30.408 INFO class:EdgeField - EdgeField getTableID: 0
56:30.409 INFO class:EdgeField - EdgeField getTableID: 0
56:30.410 INFO class:EdgeField - EdgeField getTableID: 0
56:30.412 INFO class:EdgeTable - EdgeTable add a related table: 13
56:30.412 INFO class:EdgeTable - EdgeTable add a related table: 2
56:30.412 INFO class:EdgeField - EdgeField getTableID: 0
56:30.413 INFO class:EdgeField - EdgeField getTableID: 0
56:30.414 INFO class:EdgeField - EdgeField getTableID: 0
56:30.414 INFO class:EdgeConvertFileParser - EdgeConvertFileParser constructor called with constructorFile
56:30.423 INFO class:EdgeConvertFileParser - Opening file.
56:30.424 INFO class:EdgeConvertFileParser - Parsing edge diagram file
56:30.424 INFO class:EdgeTable - EdgeTable constructor called with inputString
56:30.424 INFO class:EdgeTable - EdgeTable constructor called with inputString
56:30.424 INFO class:EdgeField - EdgeField constructor called with inputString
56:30.424 INFO class:EdgeField - EdgeField constructor called with inputString
56:30.425 INFO class:EdgeField - EdgeField constructor called with inputString
56:30.425 INFO class:EdgeField - EdgeField constructor called with inputString
56:30.425 INFO class:EdgeField - EdgeField constructor called with inputString
56:30.425 INFO class:EdgeField - EdgeField constructor called with inputString
56:30.425 INFO class:EdgeConvertFileParser - Processing connector
56:30.425 INFO class:EdgeConnector - EdgeConnector constructor called with inputString
56:30.425 INFO class:EdgeConvertFileParser - Added new connector
56:30.425 INFO class:EdgeConvertFileParser - Processing connector
56:30.425 INFO class:EdgeConnector - EdgeConnector constructor called with inputString
56:30.426 INFO class:EdgeConvertFileParser - Added new connector
56:30.426 INFO class:EdgeField - EdgeField constructor called with inputString
56:30.426 INFO class:EdgeConvertFileParser - Processing connector
56:30.426 INFO class:EdgeConnector - EdgeConnector constructor called with inputString
56:30.426 INFO class:EdgeConvertFileParser - Added new connector
56:30.426 INFO class:EdgeTable - EdgeTable constructor called with inputString
56:30.426 INFO class:EdgeConvertFileParser - Processing connector
56:30.426 INFO class:EdgeConnector - EdgeConnector constructor called with inputString
56:30.426 INFO class:EdgeConvertFileParser - Added new connector
56:30.426 INFO class:EdgeConvertFileParser - Processing connector
56:30.426 INFO class:EdgeConnector - EdgeConnector constructor called with inputString
56:30.426 INFO class:EdgeConvertFileParser - Added new connector
56:30.426 INFO class:EdgeConvertFileParser - Processing connector
56:30.426 INFO class:EdgeConnector - EdgeConnector constructor called with inputString
56:30.427 INFO class:EdgeConvertFileParser - Added new connector
56:30.427 INFO class:EdgeConvertFileParser - Processing connector
56:30.427 INFO class:EdgeConnector - EdgeConnector constructor called with inputString
56:30.427 INFO class:EdgeConvertFileParser - Added new connector
56:30.427 INFO class:EdgeConvertFileParser - Processing connector
56:30.427 INFO class:EdgeConnector - EdgeConnector constructor called with inputString
56:30.427 INFO class:EdgeConvertFileParser - Added new connector
56:30.427 INFO class:EdgeConvertFileParser - Processing connector
56:30.427 INFO class:EdgeConnector - EdgeConnector constructor called with inputString
56:30.427 INFO class:EdgeConvertFileParser - Added new connector
56:30.427 INFO class:EdgeConvertFileParser - Processing connector
56:30.427 INFO class:EdgeConnector - EdgeConnector constructor called with inputString
56:30.427 INFO class:EdgeConvertFileParser - Added new connector
56:30.427 INFO class:EdgeConvertFileParser - Converting ArrayList to arrays
56:30.427 INFO class:EdgeConvertFileParser - Starting to resolve connectors
56:30.428 INFO class:EdgeField - EdgeField getTableID: 0
56:30.428 INFO class:EdgeField - EdgeField getTableID: 0
56:30.428 INFO class:EdgeField - EdgeField getTableID: 0
56:30.429 INFO class:EdgeTable - EdgeTable add a related table: 13
56:30.429 INFO class:EdgeTable - EdgeTable add a related table: 2
56:30.429 INFO class:EdgeField - EdgeField getTableID: 0
56:30.430 INFO class:EdgeField - EdgeField getTableID: 0
56:30.430 INFO class:EdgeField - EdgeField getTableID: 0
56:30.430 INFO class:EdgeConvertFileParser - EdgeConvertFileParser constructor called with constructorFile
56:30.431 INFO class:EdgeConvertFileParser - Opening file.
56:30.431 ERROR class:EdgeConvertFileParser - Cannot find "nonValidFile.txt".
]]></system-out>
  <system-err><![CDATA[]]></system-err>
</testsuite>
