<?xml version="1.0" encoding="UTF-8"?>
<testsuite name="EdgeConvertCreateDDLTest" tests="16" skipped="0" failures="0" errors="0" timestamp="2024-11-04T20:20:27" hostname="localhost.localdomain" time="0.637">
  <properties/>
  <testcase name="givenMultipleRelatedFields" classname="EdgeConvertCreateDDLTest" time="0.451"/>
  <testcase name="givenParameterizedConstructor" classname="EdgeConvertCreateDDLTest" time="0.023"/>
  <testcase name="givenEmptyArrays" classname="EdgeConvertCreateDDLTest" time="0.007"/>
  <testcase name="testInitializeStringBuffer" classname="EdgeConvertCreateDDLTest" time="0.009"/>
  <testcase name="testInitializeWithDuplicates" classname="EdgeConvertCreateDDLTest" time="0.018"/>
  <testcase name="testInitializeWithMismatched" classname="EdgeConvertCreateDDLTest" time="0.022"/>
  <testcase name="givenRelatedFields_whenInitalizeIsCalled_valuesAreCorrect" classname="EdgeConvertCreateDDLTest" time="0.016"/>
  <testcase name="givenNoRelatedFields_whenInitializeIsCalled_ThenTableShouldBeZero" classname="EdgeConvertCreateDDLTest" time="0.011"/>
  <testcase name="givenDefault_whenCalled_tablesAndFieldsAreNull" classname="EdgeConvertCreateDDLTest" time="0.007"/>
  <testcase name="givenInvalidNumFigure_whenGetTableCalled_thenReturnsNull" classname="EdgeConvertCreateDDLTest" time="0.011"/>
  <testcase name="givenInitializeCalled_AndNoTables" classname="EdgeConvertCreateDDLTest" time="0.018"/>
  <testcase name="givenValidNumFigure_whenGetFieldCalled_thenReturnsField" classname="EdgeConvertCreateDDLTest" time="0.015"/>
  <testcase name="givenValidNumFigure_whenGetTableCalled_thenReturnTable" classname="EdgeConvertCreateDDLTest" time="0.007"/>
  <testcase name="testGetProductName" classname="EdgeConvertCreateDDLTest" time="0.006"/>
  <testcase name="testGetDatabaseName" classname="EdgeConvertCreateDDLTest" time="0.007"/>
  <testcase name="givenInvalidNumFigure_whenGetFieldCalled_thenReturnsNull" classname="EdgeConvertCreateDDLTest" time="0.005"/>
  <system-out><![CDATA[20:27.517 INFO class:EdgeTable - EdgeTable constructor called with inputString
20:27.520 INFO class:EdgeTable - EdgeTable constructor called with inputString
20:27.521 INFO class:EdgeField - EdgeField constructor called with inputString
20:27.522 INFO class:EdgeField - EdgeField constructor called with inputString
20:27.523 INFO class:EdgeTable - EdgeTable add a related table: 1
20:27.524 INFO class:EdgeTable - Starting to convert Arraylists to arrays.
20:27.527 INFO class:EdgeTable - Finished converting to int arrays.
20:27.528 INFO class:EdgeTable - EdgeTable add a related table: 1
20:27.528 INFO class:EdgeTable - Starting to convert Arraylists to arrays.
20:27.529 INFO class:EdgeTable - Finished converting to int arrays.
20:27.530 INFO class:EdgeTable - EdgeTable toString method: Table: 1
{
TableName: TestTable
NativeFields: 1
RelatedTables: 1
RelatedFields: 0
}

20:27.531 INFO class:EdgeTable - EdgeTable toString method: Table: 2
{
TableName: TestTable2
NativeFields: 1
RelatedTables: 1
RelatedFields: 0
}

20:27.532 INFO class:EdgeField - EdgeField toString method
20:27.549 INFO class:EdgeField - EdgeField toString method
20:27.551 INFO class:EdgeConvertCreateDDL - Initializing num of bound tables
20:27.556 INFO class:EdgeConvertCreateDDL - EdgeConvertCreateDDL initialization complete
20:27.556 INFO class:EdgeConvertCreateDDL - EdgeConvertCreateDDL constructor called with EdgeTable[] and EdgeField[]
20:27.558 INFO class:EdgeTable - Starting to convert Arraylists to arrays.
20:27.559 INFO class:EdgeTable - Finished converting to int arrays.
20:27.560 INFO class:EdgeTable - Starting to convert Arraylists to arrays.
20:27.562 INFO class:EdgeTable - Finished converting to int arrays.
20:27.564 INFO class:EdgeConvertCreateDDL - Initializing num of bound tables
20:27.569 INFO class:EdgeConvertCreateDDL - EdgeConvertCreateDDL initialization complete
20:27.572 INFO class:EdgeTable - EdgeTable constructor called with inputString
20:27.573 INFO class:EdgeTable - EdgeTable constructor called with inputString
20:27.574 INFO class:EdgeField - EdgeField constructor called with inputString
20:27.576 INFO class:EdgeField - EdgeField constructor called with inputString
20:27.577 INFO class:EdgeTable - EdgeTable add a related table: 1
20:27.578 INFO class:EdgeTable - Starting to convert Arraylists to arrays.
20:27.579 INFO class:EdgeTable - Finished converting to int arrays.
20:27.582 INFO class:EdgeTable - EdgeTable add a related table: 1
20:27.583 INFO class:EdgeTable - Starting to convert Arraylists to arrays.
20:27.585 INFO class:EdgeTable - Finished converting to int arrays.
20:27.586 INFO class:EdgeTable - EdgeTable toString method: Table: 1
{
TableName: TestTable
NativeFields: 1
RelatedTables: 1
RelatedFields: 0
}

20:27.587 INFO class:EdgeTable - EdgeTable toString method: Table: 2
{
TableName: TestTable2
NativeFields: 1
RelatedTables: 1
RelatedFields: 0
}

20:27.588 INFO class:EdgeField - EdgeField toString method
20:27.588 INFO class:EdgeField - EdgeField toString method
20:27.592 INFO class:EdgeConvertCreateDDL - Initializing num of bound tables
20:27.594 INFO class:EdgeConvertCreateDDL - EdgeConvertCreateDDL initialization complete
20:27.594 INFO class:EdgeConvertCreateDDL - EdgeConvertCreateDDL constructor called with EdgeTable[] and EdgeField[]
20:27.595 INFO class:EdgeTable - EdgeTable constructor called with inputString
20:27.595 INFO class:EdgeTable - EdgeTable constructor called with inputString
20:27.596 INFO class:EdgeField - EdgeField constructor called with inputString
20:27.596 INFO class:EdgeField - EdgeField constructor called with inputString
20:27.596 INFO class:EdgeTable - EdgeTable add a related table: 1
20:27.597 INFO class:EdgeTable - Starting to convert Arraylists to arrays.
20:27.597 INFO class:EdgeTable - Finished converting to int arrays.
20:27.597 INFO class:EdgeTable - EdgeTable add a related table: 1
20:27.597 INFO class:EdgeTable - Starting to convert Arraylists to arrays.
20:27.598 INFO class:EdgeTable - Finished converting to int arrays.
20:27.598 INFO class:EdgeTable - EdgeTable toString method: Table: 1
{
TableName: TestTable
NativeFields: 1
RelatedTables: 1
RelatedFields: 0
}

20:27.599 INFO class:EdgeTable - EdgeTable toString method: Table: 2
{
TableName: TestTable2
NativeFields: 1
RelatedTables: 1
RelatedFields: 0
}

20:27.599 INFO class:EdgeField - EdgeField toString method
20:27.599 INFO class:EdgeField - EdgeField toString method
20:27.600 INFO class:EdgeConvertCreateDDL - Initializing num of bound tables
20:27.601 INFO class:EdgeConvertCreateDDL - EdgeConvertCreateDDL initialization complete
20:27.601 INFO class:EdgeConvertCreateDDL - EdgeConvertCreateDDL constructor called with EdgeTable[] and EdgeField[]
20:27.601 INFO class:EdgeConvertCreateDDL - Initializing num of bound tables
20:27.602 INFO class:EdgeConvertCreateDDL - EdgeConvertCreateDDL initialization complete
20:27.602 INFO class:EdgeConvertCreateDDL - EdgeConvertCreateDDL constructor called with EdgeTable[] and EdgeField[]
20:27.602 INFO class:EdgeTable - EdgeTable constructor called with inputString
20:27.602 INFO class:EdgeTable - EdgeTable constructor called with inputString
20:27.603 INFO class:EdgeField - EdgeField constructor called with inputString
20:27.603 INFO class:EdgeField - EdgeField constructor called with inputString
20:27.603 INFO class:EdgeTable - EdgeTable add a related table: 1
20:27.603 INFO class:EdgeTable - Starting to convert Arraylists to arrays.
20:27.604 INFO class:EdgeTable - Finished converting to int arrays.
20:27.604 INFO class:EdgeTable - EdgeTable add a related table: 1
20:27.605 INFO class:EdgeTable - Starting to convert Arraylists to arrays.
20:27.605 INFO class:EdgeTable - Finished converting to int arrays.
20:27.605 INFO class:EdgeTable - EdgeTable toString method: Table: 1
{
TableName: TestTable
NativeFields: 1
RelatedTables: 1
RelatedFields: 0
}

20:27.608 INFO class:EdgeTable - EdgeTable toString method: Table: 2
{
TableName: TestTable2
NativeFields: 1
RelatedTables: 1
RelatedFields: 0
}

20:27.608 INFO class:EdgeField - EdgeField toString method
20:27.608 INFO class:EdgeField - EdgeField toString method
20:27.609 INFO class:EdgeConvertCreateDDL - Initializing num of bound tables
20:27.610 INFO class:EdgeConvertCreateDDL - EdgeConvertCreateDDL initialization complete
20:27.610 INFO class:EdgeConvertCreateDDL - EdgeConvertCreateDDL constructor called with EdgeTable[] and EdgeField[]
20:27.610 INFO class:EdgeConvertCreateDDL - Initializing num of bound tables
20:27.611 INFO class:EdgeConvertCreateDDL - EdgeConvertCreateDDL initialization complete
20:27.612 INFO class:EdgeTable - EdgeTable constructor called with inputString
20:27.612 INFO class:EdgeTable - EdgeTable constructor called with inputString
20:27.613 INFO class:EdgeField - EdgeField constructor called with inputString
20:27.613 INFO class:EdgeField - EdgeField constructor called with inputString
20:27.613 INFO class:EdgeTable - EdgeTable add a related table: 1
20:27.615 INFO class:EdgeTable - Starting to convert Arraylists to arrays.
20:27.615 INFO class:EdgeTable - Finished converting to int arrays.
20:27.615 INFO class:EdgeTable - EdgeTable add a related table: 1
20:27.616 INFO class:EdgeTable - Starting to convert Arraylists to arrays.
20:27.616 INFO class:EdgeTable - Finished converting to int arrays.
20:27.616 INFO class:EdgeTable - EdgeTable toString method: Table: 1
{
TableName: TestTable
NativeFields: 1
RelatedTables: 1
RelatedFields: 0
}

20:27.617 INFO class:EdgeTable - EdgeTable toString method: Table: 2
{
TableName: TestTable2
NativeFields: 1
RelatedTables: 1
RelatedFields: 0
}

20:27.619 INFO class:EdgeField - EdgeField toString method
20:27.619 INFO class:EdgeField - EdgeField toString method
20:27.619 INFO class:EdgeConvertCreateDDL - Initializing num of bound tables
20:27.620 INFO class:EdgeConvertCreateDDL - EdgeConvertCreateDDL initialization complete
20:27.621 INFO class:EdgeConvertCreateDDL - EdgeConvertCreateDDL constructor called with EdgeTable[] and EdgeField[]
20:27.624 INFO class:EdgeTable - Starting to convert Arraylists to arrays.
20:27.625 INFO class:EdgeTable - Finished converting to int arrays.
20:27.626 INFO class:EdgeTable - Starting to convert Arraylists to arrays.
20:27.626 INFO class:EdgeTable - Finished converting to int arrays.
20:27.627 INFO class:EdgeConvertCreateDDL - Initializing num of bound tables
20:27.629 INFO class:EdgeConvertCreateDDL - EdgeConvertCreateDDL initialization complete
20:27.630 INFO class:EdgeTable - EdgeTable constructor called with inputString
20:27.631 INFO class:EdgeTable - EdgeTable constructor called with inputString
20:27.635 INFO class:EdgeField - EdgeField constructor called with inputString
20:27.636 INFO class:EdgeField - EdgeField constructor called with inputString
20:27.637 INFO class:EdgeTable - EdgeTable add a related table: 1
20:27.637 INFO class:EdgeTable - Starting to convert Arraylists to arrays.
20:27.638 INFO class:EdgeTable - Finished converting to int arrays.
20:27.639 INFO class:EdgeTable - EdgeTable add a related table: 1
20:27.639 INFO class:EdgeTable - Starting to convert Arraylists to arrays.
20:27.642 INFO class:EdgeTable - Finished converting to int arrays.
20:27.642 INFO class:EdgeTable - EdgeTable toString method: Table: 1
{
TableName: TestTable
NativeFields: 1
RelatedTables: 1
RelatedFields: 0
}

20:27.645 INFO class:EdgeTable - EdgeTable toString method: Table: 2
{
TableName: TestTable2
NativeFields: 1
RelatedTables: 1
RelatedFields: 0
}

20:27.646 INFO class:EdgeField - EdgeField toString method
20:27.646 INFO class:EdgeField - EdgeField toString method
20:27.647 INFO class:EdgeConvertCreateDDL - Initializing num of bound tables
20:27.648 INFO class:EdgeConvertCreateDDL - EdgeConvertCreateDDL initialization complete
20:27.648 INFO class:EdgeConvertCreateDDL - EdgeConvertCreateDDL constructor called with EdgeTable[] and EdgeField[]
20:27.649 INFO class:EdgeTable - Starting to convert Arraylists to arrays.
20:27.649 INFO class:EdgeTable - Finished converting to int arrays.
20:27.650 INFO class:EdgeConvertCreateDDL - Initializing num of bound tables
20:27.652 INFO class:EdgeConvertCreateDDL - EdgeConvertCreateDDL initialization complete
20:27.654 INFO class:EdgeTable - EdgeTable constructor called with inputString
20:27.654 INFO class:EdgeTable - EdgeTable constructor called with inputString
20:27.655 INFO class:EdgeField - EdgeField constructor called with inputString
20:27.655 INFO class:EdgeField - EdgeField constructor called with inputString
20:27.655 INFO class:EdgeTable - EdgeTable add a related table: 1
20:27.656 INFO class:EdgeTable - Starting to convert Arraylists to arrays.
20:27.656 INFO class:EdgeTable - Finished converting to int arrays.
20:27.656 INFO class:EdgeTable - EdgeTable add a related table: 1
20:27.657 INFO class:EdgeTable - Starting to convert Arraylists to arrays.
20:27.657 INFO class:EdgeTable - Finished converting to int arrays.
20:27.657 INFO class:EdgeTable - EdgeTable toString method: Table: 1
{
TableName: TestTable
NativeFields: 1
RelatedTables: 1
RelatedFields: 0
}

20:27.660 INFO class:EdgeTable - EdgeTable toString method: Table: 2
{
TableName: TestTable2
NativeFields: 1
RelatedTables: 1
RelatedFields: 0
}

20:27.661 INFO class:EdgeField - EdgeField toString method
20:27.661 INFO class:EdgeField - EdgeField toString method
20:27.661 INFO class:EdgeConvertCreateDDL - Initializing num of bound tables
20:27.663 INFO class:EdgeConvertCreateDDL - EdgeConvertCreateDDL initialization complete
20:27.663 INFO class:EdgeConvertCreateDDL - EdgeConvertCreateDDL constructor called with EdgeTable[] and EdgeField[]
20:27.663 INFO class:EdgeTable - Starting to convert Arraylists to arrays.
20:27.664 INFO class:EdgeTable - Finished converting to int arrays.
20:27.664 INFO class:EdgeTable - Starting to convert Arraylists to arrays.
20:27.666 INFO class:EdgeTable - Finished converting to int arrays.
20:27.666 INFO class:EdgeConvertCreateDDL - Initializing num of bound tables
20:27.668 INFO class:EdgeConvertCreateDDL - EdgeConvertCreateDDL initialization complete
20:27.669 INFO class:EdgeTable - EdgeTable constructor called with inputString
20:27.669 INFO class:EdgeTable - EdgeTable constructor called with inputString
20:27.669 INFO class:EdgeField - EdgeField constructor called with inputString
20:27.670 INFO class:EdgeField - EdgeField constructor called with inputString
20:27.670 INFO class:EdgeTable - EdgeTable add a related table: 1
20:27.670 INFO class:EdgeTable - Starting to convert Arraylists to arrays.
20:27.671 INFO class:EdgeTable - Finished converting to int arrays.
20:27.671 INFO class:EdgeTable - EdgeTable add a related table: 1
20:27.671 INFO class:EdgeTable - Starting to convert Arraylists to arrays.
20:27.672 INFO class:EdgeTable - Finished converting to int arrays.
20:27.672 INFO class:EdgeTable - EdgeTable toString method: Table: 1
{
TableName: TestTable
NativeFields: 1
RelatedTables: 1
RelatedFields: 0
}

20:27.673 INFO class:EdgeTable - EdgeTable toString method: Table: 2
{
TableName: TestTable2
NativeFields: 1
RelatedTables: 1
RelatedFields: 0
}

20:27.673 INFO class:EdgeField - EdgeField toString method
20:27.674 INFO class:EdgeField - EdgeField toString method
20:27.674 INFO class:EdgeConvertCreateDDL - Initializing num of bound tables
20:27.675 INFO class:EdgeConvertCreateDDL - EdgeConvertCreateDDL initialization complete
20:27.675 INFO class:EdgeConvertCreateDDL - EdgeConvertCreateDDL constructor called with EdgeTable[] and EdgeField[]
20:27.675 INFO class:EdgeTable - Starting to convert Arraylists to arrays.
20:27.677 INFO class:EdgeTable - Finished converting to int arrays.
20:27.677 INFO class:EdgeTable - Starting to convert Arraylists to arrays.
20:27.678 INFO class:EdgeTable - Finished converting to int arrays.
20:27.678 INFO class:EdgeConvertCreateDDL - Initializing num of bound tables
20:27.679 INFO class:EdgeConvertCreateDDL - EdgeConvertCreateDDL initialization complete
20:27.680 INFO class:EdgeTable - EdgeTable constructor called with inputString
20:27.680 INFO class:EdgeTable - EdgeTable constructor called with inputString
20:27.680 INFO class:EdgeField - EdgeField constructor called with inputString
20:27.681 INFO class:EdgeField - EdgeField constructor called with inputString
20:27.681 INFO class:EdgeTable - EdgeTable add a related table: 1
20:27.681 INFO class:EdgeTable - Starting to convert Arraylists to arrays.
20:27.682 INFO class:EdgeTable - Finished converting to int arrays.
20:27.682 INFO class:EdgeTable - EdgeTable add a related table: 1
20:27.682 INFO class:EdgeTable - Starting to convert Arraylists to arrays.
20:27.682 INFO class:EdgeTable - Finished converting to int arrays.
20:27.683 INFO class:EdgeTable - EdgeTable toString method: Table: 1
{
TableName: TestTable
NativeFields: 1
RelatedTables: 1
RelatedFields: 0
}

20:27.683 INFO class:EdgeTable - EdgeTable toString method: Table: 2
{
TableName: TestTable2
NativeFields: 1
RelatedTables: 1
RelatedFields: 0
}

20:27.684 INFO class:EdgeField - EdgeField toString method
20:27.684 INFO class:EdgeField - EdgeField toString method
20:27.685 INFO class:EdgeConvertCreateDDL - Initializing num of bound tables
20:27.686 INFO class:EdgeConvertCreateDDL - EdgeConvertCreateDDL initialization complete
20:27.686 INFO class:EdgeConvertCreateDDL - EdgeConvertCreateDDL constructor called with EdgeTable[] and EdgeField[]
20:27.686 INFO class:EdgeConvertCreateDDL - EdgeConvertCreateDDL default constructor called
20:27.687 INFO class:EdgeTable - EdgeTable constructor called with inputString
20:27.687 INFO class:EdgeTable - EdgeTable constructor called with inputString
20:27.690 INFO class:EdgeField - EdgeField constructor called with inputString
20:27.691 INFO class:EdgeField - EdgeField constructor called with inputString
20:27.691 INFO class:EdgeTable - EdgeTable add a related table: 1
20:27.691 INFO class:EdgeTable - Starting to convert Arraylists to arrays.
20:27.692 INFO class:EdgeTable - Finished converting to int arrays.
20:27.692 INFO class:EdgeTable - EdgeTable add a related table: 1
20:27.692 INFO class:EdgeTable - Starting to convert Arraylists to arrays.
20:27.693 INFO class:EdgeTable - Finished converting to int arrays.
20:27.693 INFO class:EdgeTable - EdgeTable toString method: Table: 1
{
TableName: TestTable
NativeFields: 1
RelatedTables: 1
RelatedFields: 0
}

20:27.694 INFO class:EdgeTable - EdgeTable toString method: Table: 2
{
TableName: TestTable2
NativeFields: 1
RelatedTables: 1
RelatedFields: 0
}

20:27.695 INFO class:EdgeField - EdgeField toString method
20:27.695 INFO class:EdgeField - EdgeField toString method
20:27.695 INFO class:EdgeConvertCreateDDL - Initializing num of bound tables
20:27.696 INFO class:EdgeConvertCreateDDL - EdgeConvertCreateDDL initialization complete
20:27.697 INFO class:EdgeConvertCreateDDL - EdgeConvertCreateDDL constructor called with EdgeTable[] and EdgeField[]
20:27.698 WARN class:EdgeConvertCreateDDL - No table found for numFigure: 19
20:27.698 INFO class:EdgeTable - EdgeTable constructor called with inputString
20:27.699 INFO class:EdgeTable - EdgeTable constructor called with inputString
20:27.699 INFO class:EdgeField - EdgeField constructor called with inputString
20:27.699 INFO class:EdgeField - EdgeField constructor called with inputString
20:27.701 INFO class:EdgeTable - EdgeTable add a related table: 1
20:27.701 INFO class:EdgeTable - Starting to convert Arraylists to arrays.
20:27.702 INFO class:EdgeTable - Finished converting to int arrays.
20:27.702 INFO class:EdgeTable - EdgeTable add a related table: 1
20:27.702 INFO class:EdgeTable - Starting to convert Arraylists to arrays.
20:27.702 INFO class:EdgeTable - Finished converting to int arrays.
20:27.703 INFO class:EdgeTable - EdgeTable toString method: Table: 1
{
TableName: TestTable
NativeFields: 1
RelatedTables: 1
RelatedFields: 0
}

20:27.703 INFO class:EdgeTable - EdgeTable toString method: Table: 2
{
TableName: TestTable2
NativeFields: 1
RelatedTables: 1
RelatedFields: 0
}

20:27.705 INFO class:EdgeField - EdgeField toString method
20:27.705 INFO class:EdgeField - EdgeField toString method
20:27.706 INFO class:EdgeConvertCreateDDL - Initializing num of bound tables
20:27.714 INFO class:EdgeConvertCreateDDL - EdgeConvertCreateDDL initialization complete
20:27.715 INFO class:EdgeConvertCreateDDL - EdgeConvertCreateDDL constructor called with EdgeTable[] and EdgeField[]
20:27.715 INFO class:EdgeConvertCreateDDL - Initializing num of bound tables
20:27.715 INFO class:EdgeConvertCreateDDL - EdgeConvertCreateDDL initialization complete
20:27.715 INFO class:EdgeConvertCreateDDL - EdgeConvertCreateDDL constructor called with EdgeTable[] and EdgeField[]
20:27.715 INFO class:EdgeConvertCreateDDL - Initializing num of bound tables
20:27.715 INFO class:EdgeConvertCreateDDL - EdgeConvertCreateDDL initialization complete
20:27.717 INFO class:EdgeTable - EdgeTable constructor called with inputString
20:27.719 INFO class:EdgeTable - EdgeTable constructor called with inputString
20:27.719 INFO class:EdgeField - EdgeField constructor called with inputString
20:27.719 INFO class:EdgeField - EdgeField constructor called with inputString
20:27.719 INFO class:EdgeTable - EdgeTable add a related table: 1
20:27.725 INFO class:EdgeTable - Starting to convert Arraylists to arrays.
20:27.725 INFO class:EdgeTable - Finished converting to int arrays.
20:27.725 INFO class:EdgeTable - EdgeTable add a related table: 1
20:27.725 INFO class:EdgeTable - Starting to convert Arraylists to arrays.
20:27.725 INFO class:EdgeTable - Finished converting to int arrays.
20:27.725 INFO class:EdgeTable - EdgeTable toString method: Table: 1
{
TableName: TestTable
NativeFields: 1
RelatedTables: 1
RelatedFields: 0
}

20:27.725 INFO class:EdgeTable - EdgeTable toString method: Table: 2
{
TableName: TestTable2
NativeFields: 1
RelatedTables: 1
RelatedFields: 0
}

20:27.725 INFO class:EdgeField - EdgeField toString method
20:27.726 INFO class:EdgeField - EdgeField toString method
20:27.726 INFO class:EdgeConvertCreateDDL - Initializing num of bound tables
20:27.726 INFO class:EdgeConvertCreateDDL - EdgeConvertCreateDDL initialization complete
20:27.726 INFO class:EdgeConvertCreateDDL - EdgeConvertCreateDDL constructor called with EdgeTable[] and EdgeField[]
20:27.732 INFO class:EdgeConvertCreateDDL - Field found for numFigure: 1 -> Field: TestField1
20:27.732 INFO class:EdgeTable - EdgeTable constructor called with inputString
20:27.732 INFO class:EdgeTable - EdgeTable constructor called with inputString
20:27.733 INFO class:EdgeField - EdgeField constructor called with inputString
20:27.733 INFO class:EdgeField - EdgeField constructor called with inputString
20:27.733 INFO class:EdgeTable - EdgeTable add a related table: 1
20:27.733 INFO class:EdgeTable - Starting to convert Arraylists to arrays.
20:27.734 INFO class:EdgeTable - Finished converting to int arrays.
20:27.734 INFO class:EdgeTable - EdgeTable add a related table: 1
20:27.734 INFO class:EdgeTable - Starting to convert Arraylists to arrays.
20:27.735 INFO class:EdgeTable - Finished converting to int arrays.
20:27.735 INFO class:EdgeTable - EdgeTable toString method: Table: 1
{
TableName: TestTable
NativeFields: 1
RelatedTables: 1
RelatedFields: 0
}

20:27.736 INFO class:EdgeTable - EdgeTable toString method: Table: 2
{
TableName: TestTable2
NativeFields: 1
RelatedTables: 1
RelatedFields: 0
}

20:27.736 INFO class:EdgeField - EdgeField toString method
20:27.736 INFO class:EdgeField - EdgeField toString method
20:27.736 INFO class:EdgeConvertCreateDDL - Initializing num of bound tables
20:27.737 INFO class:EdgeConvertCreateDDL - EdgeConvertCreateDDL initialization complete
20:27.737 INFO class:EdgeConvertCreateDDL - EdgeConvertCreateDDL constructor called with EdgeTable[] and EdgeField[]
20:27.738 INFO class:EdgeConvertCreateDDL - Table found for numFigure: 1 -> Table: TestTable
20:27.739 INFO class:EdgeTable - EdgeTable constructor called with inputString
20:27.739 INFO class:EdgeTable - EdgeTable constructor called with inputString
20:27.739 INFO class:EdgeField - EdgeField constructor called with inputString
20:27.739 INFO class:EdgeField - EdgeField constructor called with inputString
20:27.739 INFO class:EdgeTable - EdgeTable add a related table: 1
20:27.740 INFO class:EdgeTable - Starting to convert Arraylists to arrays.
20:27.740 INFO class:EdgeTable - Finished converting to int arrays.
20:27.740 INFO class:EdgeTable - EdgeTable add a related table: 1
20:27.740 INFO class:EdgeTable - Starting to convert Arraylists to arrays.
20:27.741 INFO class:EdgeTable - Finished converting to int arrays.
20:27.741 INFO class:EdgeTable - EdgeTable toString method: Table: 1
{
TableName: TestTable
NativeFields: 1
RelatedTables: 1
RelatedFields: 0
}

20:27.741 INFO class:EdgeTable - EdgeTable toString method: Table: 2
{
TableName: TestTable2
NativeFields: 1
RelatedTables: 1
RelatedFields: 0
}

20:27.743 INFO class:EdgeField - EdgeField toString method
20:27.743 INFO class:EdgeField - EdgeField toString method
20:27.743 INFO class:EdgeConvertCreateDDL - Initializing num of bound tables
20:27.744 INFO class:EdgeConvertCreateDDL - EdgeConvertCreateDDL initialization complete
20:27.744 INFO class:EdgeConvertCreateDDL - EdgeConvertCreateDDL constructor called with EdgeTable[] and EdgeField[]
20:27.745 INFO class:EdgeTable - EdgeTable constructor called with inputString
20:27.745 INFO class:EdgeTable - EdgeTable constructor called with inputString
20:27.745 INFO class:EdgeField - EdgeField constructor called with inputString
20:27.746 INFO class:EdgeField - EdgeField constructor called with inputString
20:27.746 INFO class:EdgeTable - EdgeTable add a related table: 1
20:27.746 INFO class:EdgeTable - Starting to convert Arraylists to arrays.
20:27.746 INFO class:EdgeTable - Finished converting to int arrays.
20:27.747 INFO class:EdgeTable - EdgeTable add a related table: 1
20:27.747 INFO class:EdgeTable - Starting to convert Arraylists to arrays.
20:27.747 INFO class:EdgeTable - Finished converting to int arrays.
20:27.747 INFO class:EdgeTable - EdgeTable toString method: Table: 1
{
TableName: TestTable
NativeFields: 1
RelatedTables: 1
RelatedFields: 0
}

20:27.748 INFO class:EdgeTable - EdgeTable toString method: Table: 2
{
TableName: TestTable2
NativeFields: 1
RelatedTables: 1
RelatedFields: 0
}

20:27.748 INFO class:EdgeField - EdgeField toString method
20:27.748 INFO class:EdgeField - EdgeField toString method
20:27.748 INFO class:EdgeConvertCreateDDL - Initializing num of bound tables
20:27.751 INFO class:EdgeConvertCreateDDL - EdgeConvertCreateDDL initialization complete
20:27.752 INFO class:EdgeConvertCreateDDL - EdgeConvertCreateDDL constructor called with EdgeTable[] and EdgeField[]
20:27.753 INFO class:EdgeTable - EdgeTable constructor called with inputString
20:27.756 INFO class:EdgeTable - EdgeTable constructor called with inputString
20:27.756 INFO class:EdgeField - EdgeField constructor called with inputString
20:27.756 INFO class:EdgeField - EdgeField constructor called with inputString
20:27.756 INFO class:EdgeTable - EdgeTable add a related table: 1
20:27.757 INFO class:EdgeTable - Starting to convert Arraylists to arrays.
20:27.757 INFO class:EdgeTable - Finished converting to int arrays.
20:27.757 INFO class:EdgeTable - EdgeTable add a related table: 1
20:27.757 INFO class:EdgeTable - Starting to convert Arraylists to arrays.
20:27.757 INFO class:EdgeTable - Finished converting to int arrays.
20:27.757 INFO class:EdgeTable - EdgeTable toString method: Table: 1
{
TableName: TestTable
NativeFields: 1
RelatedTables: 1
RelatedFields: 0
}

20:27.757 INFO class:EdgeTable - EdgeTable toString method: Table: 2
{
TableName: TestTable2
NativeFields: 1
RelatedTables: 1
RelatedFields: 0
}

20:27.757 INFO class:EdgeField - EdgeField toString method
20:27.757 INFO class:EdgeField - EdgeField toString method
20:27.757 INFO class:EdgeConvertCreateDDL - Initializing num of bound tables
20:27.757 INFO class:EdgeConvertCreateDDL - EdgeConvertCreateDDL initialization complete
20:27.757 INFO class:EdgeConvertCreateDDL - EdgeConvertCreateDDL constructor called with EdgeTable[] and EdgeField[]
20:27.758 WARN class:EdgeConvertCreateDDL - No field found for numFigure: -1
]]></system-out>
  <system-err><![CDATA[]]></system-err>
</testsuite>
