<?xml version="1.0" encoding="UTF-8"?>
<testsuite name="EdgeConnectorTest" tests="13" skipped="0" failures="0" errors="0" timestamp="2024-11-06T03:54:26" hostname="Lilys-MacBook-Pro-3.local" time="0.514">
  <properties/>
  <testcase name="testGetEndPoint1" classname="EdgeConnectorTest" time="0.503"/>
  <testcase name="testGetEndPoint2" classname="EdgeConnectorTest" time="0.001"/>
  <testcase name="testGetEndStyle1" classname="EdgeConnectorTest" time="0.0"/>
  <testcase name="testGetEndStyle2" classname="EdgeConnectorTest" time="0.002"/>
  <testcase name="testGetNumConnector" classname="EdgeConnectorTest" time="0.001"/>
  <testcase name="testGetIsEP1Field" classname="EdgeConnectorTest" time="0.001"/>
  <testcase name="testGetIsEP1Table" classname="EdgeConnectorTest" time="0.0"/>
  <testcase name="testGetIsEP2Field" classname="EdgeConnectorTest" time="0.0"/>
  <testcase name="testGetIsEP2Table" classname="EdgeConnectorTest" time="0.001"/>
  <testcase name="testSetIsEP1Field" classname="EdgeConnectorTest" time="0.0"/>
  <testcase name="testSetIsEP1Table" classname="EdgeConnectorTest" time="0.0"/>
  <testcase name="testSetIsEP2Field" classname="EdgeConnectorTest" time="0.001"/>
  <testcase name="testSetIsEP2Table" classname="EdgeConnectorTest" time="0.001"/>
  <system-out><![CDATA[54:27.479 INFO class:EdgeConnector - EdgeConnector constructor called with inputString
54:27.483 INFO class:EdgeConnector - EdgeConnector constructor called with inputString
54:27.484 INFO class:EdgeConnector - EdgeConnector constructor called with inputString
54:27.485 INFO class:EdgeConnector - EdgeConnector constructor called with inputString
54:27.486 INFO class:EdgeConnector - EdgeConnector constructor called with inputString
54:27.487 INFO class:EdgeConnector - EdgeConnector constructor called with inputString
54:27.488 INFO class:EdgeConnector - EdgeConnector constructor called with inputString
54:27.489 INFO class:EdgeConnector - EdgeConnector constructor called with inputString
54:27.489 INFO class:EdgeConnector - EdgeConnector constructor called with inputString
54:27.490 INFO class:EdgeConnector - EdgeConnector constructor called with inputString
54:27.491 INFO class:EdgeConnector - EdgeConnector constructor called with inputString
54:27.492 INFO class:EdgeConnector - EdgeConnector constructor called with inputString
54:27.492 INFO class:EdgeConnector - EdgeConnector constructor called with inputString
]]></system-out>
  <system-err><![CDATA[]]></system-err>
</testsuite>
